<?xml version="1.0" encoding="UTF-8"?>
<testng-results total="3" passed="3" failed="0" skipped="0">
  <reporter-output>
  </reporter-output>
  <suite started-at="2019-12-21T09:43:32Z" name="Suite" finished-at="2019-12-21T09:43:40Z" duration-ms="7482">
    <groups>
    </groups>
    <test started-at="2019-12-21T09:43:32Z" name="Test" finished-at="2019-12-21T09:43:40Z" duration-ms="7482">
      <class name="test.NewTest">
        <test-method signature="loginApp()[pri:1, instance:test.NewTest@6ce139a4]" started-at="2019-12-21T22:43:32Z" name="loginApp" finished-at="2019-12-21T22:43:40Z" duration-ms="7466" status="PASS">
          <reporter-output>
          </reporter-output>
        </test-method> <!-- loginApp -->
        <test-method signature="checkout()[pri:2, instance:test.NewTest@6ce139a4]" started-at="2019-12-21T22:43:40Z" name="checkout" finished-at="2019-12-21T22:43:40Z" duration-ms="0" status="PASS">
          <reporter-output>
          </reporter-output>
        </test-method> <!-- checkout -->
        <test-method signature="shoppingApp()[pri:3, instance:test.NewTest@6ce139a4]" started-at="2019-12-21T22:43:40Z" name="shoppingApp" finished-at="2019-12-21T22:43:40Z" duration-ms="0" status="PASS">
          <reporter-output>
          </reporter-output>
        </test-method> <!-- shoppingApp -->
      </class> <!-- test.NewTest -->
    </test> <!-- Test -->
  </suite> <!-- Suite -->
</testng-results>
